<?xml version="1.0" encoding="UTF-8" ?>
<testsuite tests="3" failures="1" name="TestSuite" time="31.193" errors="0" skipped="0">
  <properties>
[...]
</properties>
  <testcase classname="CucumberTestRunner.TestRunnerFile" name="runScenario" time="9.958"/>
  <testcase classname="CucumberTestRunner.TestRunnerFile" name="runScenario" time="10.313"/>
  <testcase classname="CucumberTestRunner.TestRunnerFile" name="runScenario" time="10.922">
    <failure message="expected [No data] but found [Beetroot]" type="java.lang.AssertionError">java.lang.AssertionError: expected [No data] but found [Beetroot]
	at org.testng.Assert.fail(Assert.java:111)
	at org.testng.Assert.failNotEquals(Assert.java:1578)
	at org.testng.Assert.assertEqualsImpl(Assert.java:150)
	at org.testng.Assert.assertEquals(Assert.java:132)
	at org.testng.Assert.assertEquals(Assert.java:656)
	at org.testng.Assert.assertEquals(Assert.java:666)
	at StepDefinitions.OffersPageStepDefinition.validate_same_product_displayed_in_offers_page(OffersPageStepDefinition.java:55)
	at ✽.Same product displayed in Offers page(file:///C:/Users/01126A744/git/RSASample/Cucumber_Project/src/test/java/Features/ProductSearch.feature:15)
</failure>
  </testcase>
</testsuite>